ARM GAS  C:\Users\Miroslav\AppData\Local\Temp\ccQD5lWx.s 			page 1


   1              		.cpu cortex-m3
   2              		.eabi_attribute 20, 1
   3              		.eabi_attribute 21, 1
   4              		.eabi_attribute 23, 3
   5              		.eabi_attribute 24, 1
   6              		.eabi_attribute 25, 1
   7              		.eabi_attribute 26, 1
   8              		.eabi_attribute 30, 1
   9              		.eabi_attribute 34, 1
  10              		.eabi_attribute 18, 4
  11              		.file	"gpio.c"
  12              		.text
  13              	.Ltext0:
  14              		.cfi_sections	.debug_frame
  15              		.section	.text.MX_GPIO_Init,"ax",%progbits
  16              		.align	1
  17              		.global	MX_GPIO_Init
  18              		.arch armv7-m
  19              		.syntax unified
  20              		.thumb
  21              		.thumb_func
  22              		.fpu softvfp
  24              	MX_GPIO_Init:
  25              	.LFB65:
  26              		.file 1 "../Core/Src/gpio.c"
   1:../Core/Src/gpio.c **** 
  27              		.loc 1 37 1 view -0
  28              		.cfi_startproc
  29              		@ args = 0, pretend = 0, frame = 32
  30              		@ frame_needed = 0, uses_anonymous_args = 0
  31 0000 2DE9F041 		push	{r4, r5, r6, r7, r8, lr}
  32              	.LCFI0:
  33              		.cfi_def_cfa_offset 24
  34              		.cfi_offset 4, -24
  35              		.cfi_offset 5, -20
  36              		.cfi_offset 6, -16
  37              		.cfi_offset 7, -12
  38              		.cfi_offset 8, -8
  39              		.cfi_offset 14, -4
  40 0004 88B0     		sub	sp, sp, #32
  41              	.LCFI1:
  42              		.cfi_def_cfa_offset 56
  43              		.loc 1 39 3 view .LVU1
  44              		.loc 1 39 20 is_stmt 0 view .LVU2
  45 0006 0024     		movs	r4, #0
  46 0008 0494     		str	r4, [sp, #16]
  47 000a 0594     		str	r4, [sp, #20]
  48 000c 0694     		str	r4, [sp, #24]
  49 000e 0794     		str	r4, [sp, #28]
  50              		.loc 1 42 3 is_stmt 1 view .LVU3
  51              	.LBB2:
  52              		.loc 1 42 3 view .LVU4
  53              		.loc 1 42 3 view .LVU5
  54 0010 364B     		ldr	r3, .L3
  55 0012 9A69     		ldr	r2, [r3, #24]
  56 0014 42F01002 		orr	r2, r2, #16
  57 0018 9A61     		str	r2, [r3, #24]
ARM GAS  C:\Users\Miroslav\AppData\Local\Temp\ccQD5lWx.s 			page 2


  58              		.loc 1 42 3 view .LVU6
  59 001a 9A69     		ldr	r2, [r3, #24]
  60 001c 02F01002 		and	r2, r2, #16
  61 0020 0192     		str	r2, [sp, #4]
  62              		.loc 1 42 3 view .LVU7
  63 0022 019A     		ldr	r2, [sp, #4]
  64              	.LBE2:
  65              		.loc 1 42 3 view .LVU8
  66              		.loc 1 43 3 view .LVU9
  67              	.LBB3:
  68              		.loc 1 43 3 view .LVU10
  69              		.loc 1 43 3 view .LVU11
  70 0024 9A69     		ldr	r2, [r3, #24]
  71 0026 42F00402 		orr	r2, r2, #4
  72 002a 9A61     		str	r2, [r3, #24]
  73              		.loc 1 43 3 view .LVU12
  74 002c 9A69     		ldr	r2, [r3, #24]
  75 002e 02F00402 		and	r2, r2, #4
  76 0032 0292     		str	r2, [sp, #8]
  77              		.loc 1 43 3 view .LVU13
  78 0034 029A     		ldr	r2, [sp, #8]
  79              	.LBE3:
  80              		.loc 1 43 3 view .LVU14
  81              		.loc 1 44 3 view .LVU15
  82              	.LBB4:
  83              		.loc 1 44 3 view .LVU16
  84              		.loc 1 44 3 view .LVU17
  85 0036 9A69     		ldr	r2, [r3, #24]
  86 0038 42F00802 		orr	r2, r2, #8
  87 003c 9A61     		str	r2, [r3, #24]
  88              		.loc 1 44 3 view .LVU18
  89 003e 9B69     		ldr	r3, [r3, #24]
  90 0040 03F00803 		and	r3, r3, #8
  91 0044 0393     		str	r3, [sp, #12]
  92              		.loc 1 44 3 view .LVU19
  93 0046 039B     		ldr	r3, [sp, #12]
  94              	.LBE4:
  95              		.loc 1 44 3 view .LVU20
  96              		.loc 1 47 3 view .LVU21
  97 0048 294D     		ldr	r5, .L3+4
  98 004a 2246     		mov	r2, r4
  99 004c 40F6FF71 		movw	r1, #4095
 100 0050 2846     		mov	r0, r5
 101 0052 284F     		ldr	r7, .L3+8
 102 0054 B847     		blx	r7
 103              	.LVL0:
 104              		.loc 1 52 3 view .LVU22
 105 0056 284E     		ldr	r6, .L3+12
 106 0058 2246     		mov	r2, r4
 107 005a 4FF42041 		mov	r1, #40960
 108 005e 3046     		mov	r0, r6
 109 0060 B847     		blx	r7
 110              	.LVL1:
 111              		.loc 1 57 3 view .LVU23
 112              		.loc 1 57 23 is_stmt 0 view .LVU24
 113 0062 40F6FF73 		movw	r3, #4095
 114 0066 0493     		str	r3, [sp, #16]
ARM GAS  C:\Users\Miroslav\AppData\Local\Temp\ccQD5lWx.s 			page 3


 115              		.loc 1 60 3 is_stmt 1 view .LVU25
 116              		.loc 1 60 24 is_stmt 0 view .LVU26
 117 0068 4FF00108 		mov	r8, #1
 118 006c CDF81480 		str	r8, [sp, #20]
 119              		.loc 1 61 3 is_stmt 1 view .LVU27
 120              		.loc 1 61 24 is_stmt 0 view .LVU28
 121 0070 0694     		str	r4, [sp, #24]
 122              		.loc 1 62 3 is_stmt 1 view .LVU29
 123              		.loc 1 62 25 is_stmt 0 view .LVU30
 124 0072 0227     		movs	r7, #2
 125 0074 0797     		str	r7, [sp, #28]
 126              		.loc 1 63 3 is_stmt 1 view .LVU31
 127 0076 04A9     		add	r1, sp, #16
 128 0078 2846     		mov	r0, r5
 129 007a 204D     		ldr	r5, .L3+16
 130 007c A847     		blx	r5
 131              	.LVL2:
 132              		.loc 1 66 3 view .LVU32
 133              		.loc 1 66 23 is_stmt 0 view .LVU33
 134 007e 4FF49843 		mov	r3, #19456
 135 0082 0493     		str	r3, [sp, #16]
 136              		.loc 1 67 3 is_stmt 1 view .LVU34
 137              		.loc 1 67 24 is_stmt 0 view .LVU35
 138 0084 1E4B     		ldr	r3, .L3+20
 139 0086 0593     		str	r3, [sp, #20]
 140              		.loc 1 68 3 is_stmt 1 view .LVU36
 141              		.loc 1 68 24 is_stmt 0 view .LVU37
 142 0088 0694     		str	r4, [sp, #24]
 143              		.loc 1 69 3 is_stmt 1 view .LVU38
 144 008a 04A9     		add	r1, sp, #16
 145 008c 3046     		mov	r0, r6
 146 008e A847     		blx	r5
 147              	.LVL3:
 148              		.loc 1 72 3 view .LVU39
 149              		.loc 1 72 23 is_stmt 0 view .LVU40
 150 0090 4FF48053 		mov	r3, #4096
 151 0094 0493     		str	r3, [sp, #16]
 152              		.loc 1 73 3 is_stmt 1 view .LVU41
 153              		.loc 1 73 24 is_stmt 0 view .LVU42
 154 0096 1B4B     		ldr	r3, .L3+24
 155 0098 0593     		str	r3, [sp, #20]
 156              		.loc 1 74 3 is_stmt 1 view .LVU43
 157              		.loc 1 74 24 is_stmt 0 view .LVU44
 158 009a 0694     		str	r4, [sp, #24]
 159              		.loc 1 75 3 is_stmt 1 view .LVU45
 160 009c 04A9     		add	r1, sp, #16
 161 009e 3046     		mov	r0, r6
 162 00a0 A847     		blx	r5
 163              	.LVL4:
 164              		.loc 1 78 3 view .LVU46
 165              		.loc 1 78 23 is_stmt 0 view .LVU47
 166 00a2 4FF42043 		mov	r3, #40960
 167 00a6 0493     		str	r3, [sp, #16]
 168              		.loc 1 79 3 is_stmt 1 view .LVU48
 169              		.loc 1 79 24 is_stmt 0 view .LVU49
 170 00a8 CDF81480 		str	r8, [sp, #20]
 171              		.loc 1 80 3 is_stmt 1 view .LVU50
ARM GAS  C:\Users\Miroslav\AppData\Local\Temp\ccQD5lWx.s 			page 4


 172              		.loc 1 80 24 is_stmt 0 view .LVU51
 173 00ac 0694     		str	r4, [sp, #24]
 174              		.loc 1 81 3 is_stmt 1 view .LVU52
 175              		.loc 1 81 25 is_stmt 0 view .LVU53
 176 00ae 0797     		str	r7, [sp, #28]
 177              		.loc 1 82 3 is_stmt 1 view .LVU54
 178 00b0 04A9     		add	r1, sp, #16
 179 00b2 3046     		mov	r0, r6
 180 00b4 A847     		blx	r5
 181              	.LVL5:
 182              		.loc 1 85 3 view .LVU55
 183              		.loc 1 85 23 is_stmt 0 view .LVU56
 184 00b6 4FF40073 		mov	r3, #512
 185 00ba 0493     		str	r3, [sp, #16]
 186              		.loc 1 86 3 is_stmt 1 view .LVU57
 187              		.loc 1 86 24 is_stmt 0 view .LVU58
 188 00bc 124B     		ldr	r3, .L3+28
 189 00be 0593     		str	r3, [sp, #20]
 190              		.loc 1 87 3 is_stmt 1 view .LVU59
 191              		.loc 1 87 24 is_stmt 0 view .LVU60
 192 00c0 0694     		str	r4, [sp, #24]
 193              		.loc 1 88 3 is_stmt 1 view .LVU61
 194 00c2 04A9     		add	r1, sp, #16
 195 00c4 3046     		mov	r0, r6
 196 00c6 A847     		blx	r5
 197              	.LVL6:
 198              		.loc 1 91 3 view .LVU62
 199 00c8 2246     		mov	r2, r4
 200 00ca 2146     		mov	r1, r4
 201 00cc 1720     		movs	r0, #23
 202 00ce 0F4E     		ldr	r6, .L3+32
 203 00d0 B047     		blx	r6
 204              	.LVL7:
 205              		.loc 1 92 3 view .LVU63
 206 00d2 1720     		movs	r0, #23
 207 00d4 0E4D     		ldr	r5, .L3+36
 208 00d6 A847     		blx	r5
 209              	.LVL8:
 210              		.loc 1 94 3 view .LVU64
 211 00d8 2246     		mov	r2, r4
 212 00da 2146     		mov	r1, r4
 213 00dc 2820     		movs	r0, #40
 214 00de B047     		blx	r6
 215              	.LVL9:
 216              		.loc 1 95 3 view .LVU65
 217 00e0 2820     		movs	r0, #40
 218 00e2 A847     		blx	r5
 219              	.LVL10:
 220              		.loc 1 97 1 is_stmt 0 view .LVU66
 221 00e4 08B0     		add	sp, sp, #32
 222              	.LCFI2:
 223              		.cfi_def_cfa_offset 24
 224              		@ sp needed
 225 00e6 BDE8F081 		pop	{r4, r5, r6, r7, r8, pc}
 226              	.L4:
 227 00ea 00BF     		.align	2
 228              	.L3:
ARM GAS  C:\Users\Miroslav\AppData\Local\Temp\ccQD5lWx.s 			page 5


 229 00ec 00100240 		.word	1073876992
 230 00f0 00100140 		.word	1073811456
 231 00f4 00000000 		.word	HAL_GPIO_WritePin
 232 00f8 000C0140 		.word	1073810432
 233 00fc 00000000 		.word	HAL_GPIO_Init
 234 0100 00001110 		.word	269549568
 235 0104 00002110 		.word	270598144
 236 0108 00003110 		.word	271646720
 237 010c 00000000 		.word	HAL_NVIC_SetPriority
 238 0110 00000000 		.word	HAL_NVIC_EnableIRQ
 239              		.cfi_endproc
 240              	.LFE65:
 242              		.text
 243              	.Letext0:
 244              		.file 2 "../c:\\users\\miroslav\\desktop\\gnu mcu\\arm-none-eabi-gcc-10.2.1-1.1\\arm-none-eabi\\in
 245              		.file 3 "../c:\\users\\miroslav\\desktop\\gnu mcu\\arm-none-eabi-gcc-10.2.1-1.1\\arm-none-eabi\\in
 246              		.file 4 "../Drivers/CMSIS/Device/ST/STM32F1xx/Include/stm32f103x6.h"
 247              		.file 5 "../Drivers/STM32F1xx_HAL_Driver/Inc/stm32f1xx_hal_gpio.h"
 248              		.file 6 "../Drivers/STM32F1xx_HAL_Driver/Inc/stm32f1xx_hal_cortex.h"
ARM GAS  C:\Users\Miroslav\AppData\Local\Temp\ccQD5lWx.s 			page 6


DEFINED SYMBOLS
                            *ABS*:0000000000000000 gpio.c
C:\Users\Miroslav\AppData\Local\Temp\ccQD5lWx.s:16     .text.MX_GPIO_Init:0000000000000000 $t
C:\Users\Miroslav\AppData\Local\Temp\ccQD5lWx.s:24     .text.MX_GPIO_Init:0000000000000000 MX_GPIO_Init
C:\Users\Miroslav\AppData\Local\Temp\ccQD5lWx.s:229    .text.MX_GPIO_Init:00000000000000ec $d

UNDEFINED SYMBOLS
HAL_GPIO_WritePin
HAL_GPIO_Init
HAL_NVIC_SetPriority
HAL_NVIC_EnableIRQ
